<?xml version="1.0" encoding="UTF-8"?>
<testng-results ignored="0" total="1" passed="1" failed="0" skipped="0">
  <reporter-output>
  </reporter-output>
  <suite started-at="2020-04-09T16:46:16 IST" name="Default suite" finished-at="2020-04-09T16:46:20 IST" duration-ms="4351">
    <groups>
    </groups>
    <test started-at="2020-04-09T16:46:16 IST" name="Default test" finished-at="2020-04-09T16:46:20 IST" duration-ms="4351">
      <class name="restassured.restassured.TC_06_ValidateJSONResponseAllNodes">
        <test-method signature="validate()[pri:0, instance:restassured.restassured.TC_06_ValidateJSONResponseAllNodes@e50a6f6]" started-at="2020-04-09T16:46:16 IST" name="validate" finished-at="2020-04-09T16:46:20 IST" duration-ms="4325" status="PASS">
          <reporter-output>
          </reporter-output>
        </test-method> <!-- validate -->
      </class> <!-- restassured.restassured.TC_06_ValidateJSONResponseAllNodes -->
    </test> <!-- Default test -->
  </suite> <!-- Default suite -->
</testng-results>
